2022-07-02 02:08:59,696 INFO com.kups.employee.SpringbootBackendApplication [restartedMain] Starting SpringbootBackendApplication using Java 17.0.3 on Aniket with PID 8572 (C:\Users\Aniket World\git\repository\springboot-backend\target\classes started by Aniket World in C:\Users\Aniket World\git\repository\springboot-backend)
2022-07-02 02:08:59,714 INFO com.kups.employee.SpringbootBackendApplication [restartedMain] No active profile set, falling back to 1 default profile: "default"
2022-07-02 02:09:00,050 INFO org.springframework.boot.devtools.env.DevToolsPropertyDefaultsPostProcessor [restartedMain] Devtools property defaults active! Set 'spring.devtools.add-properties' to 'false' to disable
2022-07-02 02:09:00,054 INFO org.springframework.boot.devtools.env.DevToolsPropertyDefaultsPostProcessor [restartedMain] For additional web related logging consider setting the 'logging.level.web' property to 'DEBUG'
2022-07-02 02:09:03,110 INFO org.springframework.data.repository.config.RepositoryConfigurationDelegate [restartedMain] Bootstrapping Spring Data JPA repositories in DEFAULT mode.
2022-07-02 02:09:03,352 INFO org.springframework.data.repository.config.RepositoryConfigurationDelegate [restartedMain] Finished Spring Data repository scanning in 209 ms. Found 1 JPA repository interfaces.
2022-07-02 02:09:06,268 INFO org.springframework.boot.web.embedded.tomcat.TomcatWebServer [restartedMain] Tomcat initialized with port(s): 8081 (http)
2022-07-02 02:09:06,309 INFO org.apache.coyote.http11.Http11NioProtocol [restartedMain] Initializing ProtocolHandler ["http-nio-8081"]
2022-07-02 02:09:06,317 INFO org.apache.catalina.core.StandardService [restartedMain] Starting service [Tomcat]
2022-07-02 02:09:06,318 INFO org.apache.catalina.core.StandardEngine [restartedMain] Starting Servlet engine: [Apache Tomcat/9.0.64]
2022-07-02 02:09:06,659 INFO org.apache.catalina.core.ContainerBase.[Tomcat].[localhost].[/] [restartedMain] Initializing Spring embedded WebApplicationContext
2022-07-02 02:09:06,660 INFO org.springframework.boot.web.servlet.context.ServletWebServerApplicationContext [restartedMain] Root WebApplicationContext: initialization completed in 6601 ms
2022-07-02 02:09:07,443 INFO org.hibernate.jpa.internal.util.LogHelper [restartedMain] HHH000204: Processing PersistenceUnitInfo [name: default]
2022-07-02 02:09:07,631 INFO org.hibernate.Version [restartedMain] HHH000412: Hibernate ORM core version 5.6.9.Final
2022-07-02 02:09:08,344 INFO org.hibernate.annotations.common.Version [restartedMain] HCANN000001: Hibernate Commons Annotations {5.1.2.Final}
2022-07-02 02:09:08,787 INFO com.zaxxer.hikari.HikariDataSource [restartedMain] HikariPool-1 - Starting...
2022-07-02 02:09:09,521 INFO com.zaxxer.hikari.HikariDataSource [restartedMain] HikariPool-1 - Start completed.
2022-07-02 02:09:09,579 INFO org.hibernate.dialect.Dialect [restartedMain] HHH000400: Using dialect: org.hibernate.dialect.MySQL5InnoDBDialect
2022-07-02 02:09:11,976 INFO org.hibernate.engine.transaction.jta.platform.internal.JtaPlatformInitiator [restartedMain] HHH000490: Using JtaPlatform implementation: [org.hibernate.engine.transaction.jta.platform.internal.NoJtaPlatform]
2022-07-02 02:09:12,008 INFO org.springframework.orm.jpa.LocalContainerEntityManagerFactoryBean [restartedMain] Initialized JPA EntityManagerFactory for persistence unit 'default'
2022-07-02 02:09:13,212 WARN org.springframework.boot.autoconfigure.orm.jpa.JpaBaseConfiguration$JpaWebConfiguration [restartedMain] spring.jpa.open-in-view is enabled by default. Therefore, database queries may be performed during view rendering. Explicitly configure spring.jpa.open-in-view to disable this warning
2022-07-02 02:09:14,549 INFO org.springframework.boot.devtools.autoconfigure.OptionalLiveReloadServer [restartedMain] LiveReload server is running on port 35729
2022-07-02 02:09:14,645 INFO org.apache.coyote.http11.Http11NioProtocol [restartedMain] Starting ProtocolHandler ["http-nio-8081"]
2022-07-02 02:09:14,764 INFO org.springframework.boot.web.embedded.tomcat.TomcatWebServer [restartedMain] Tomcat started on port(s): 8081 (http) with context path ''
2022-07-02 02:09:14,806 INFO com.kups.employee.SpringbootBackendApplication [restartedMain] Started SpringbootBackendApplication in 18.529 seconds (JVM running for 22.226)
2022-07-02 02:11:14,780 INFO org.springframework.orm.jpa.LocalContainerEntityManagerFactoryBean [Thread-5] Closing JPA EntityManagerFactory for persistence unit 'default'
2022-07-02 02:11:14,794 INFO com.zaxxer.hikari.HikariDataSource [Thread-5] HikariPool-1 - Shutdown initiated...
2022-07-02 02:11:14,836 INFO com.zaxxer.hikari.HikariDataSource [Thread-5] HikariPool-1 - Shutdown completed.
2022-07-02 02:11:15,124 INFO com.kups.employee.SpringbootBackendApplication [restartedMain] Starting SpringbootBackendApplication using Java 17.0.3 on Aniket with PID 8572 (C:\Users\Aniket World\git\repository\springboot-backend\target\classes started by Aniket World in C:\Users\Aniket World\git\repository\springboot-backend)
2022-07-02 02:11:15,126 INFO com.kups.employee.SpringbootBackendApplication [restartedMain] No active profile set, falling back to 1 default profile: "default"
2022-07-02 02:11:15,636 INFO org.springframework.data.repository.config.RepositoryConfigurationDelegate [restartedMain] Bootstrapping Spring Data JPA repositories in DEFAULT mode.
2022-07-02 02:11:15,656 INFO org.springframework.data.repository.config.RepositoryConfigurationDelegate [restartedMain] Finished Spring Data repository scanning in 19 ms. Found 1 JPA repository interfaces.
2022-07-02 02:11:15,974 INFO org.springframework.boot.web.embedded.tomcat.TomcatWebServer [restartedMain] Tomcat initialized with port(s): 8081 (http)
2022-07-02 02:11:15,976 INFO org.apache.coyote.http11.Http11NioProtocol [restartedMain] Initializing ProtocolHandler ["http-nio-8081"]
2022-07-02 02:11:15,977 INFO org.apache.catalina.core.StandardService [restartedMain] Starting service [Tomcat]
2022-07-02 02:11:15,978 INFO org.apache.catalina.core.StandardEngine [restartedMain] Starting Servlet engine: [Apache Tomcat/9.0.64]
2022-07-02 02:11:16,032 INFO org.apache.catalina.core.ContainerBase.[Tomcat].[localhost].[/] [restartedMain] Initializing Spring embedded WebApplicationContext
2022-07-02 02:11:16,034 INFO org.springframework.boot.web.servlet.context.ServletWebServerApplicationContext [restartedMain] Root WebApplicationContext: initialization completed in 898 ms
2022-07-02 02:11:16,191 INFO org.hibernate.jpa.internal.util.LogHelper [restartedMain] HHH000204: Processing PersistenceUnitInfo [name: default]
2022-07-02 02:11:16,206 INFO com.zaxxer.hikari.HikariDataSource [restartedMain] HikariPool-2 - Starting...
2022-07-02 02:11:16,216 INFO com.zaxxer.hikari.HikariDataSource [restartedMain] HikariPool-2 - Start completed.
2022-07-02 02:11:16,217 INFO org.hibernate.dialect.Dialect [restartedMain] HHH000400: Using dialect: org.hibernate.dialect.MySQL5InnoDBDialect
2022-07-02 02:11:16,306 INFO org.hibernate.engine.transaction.jta.platform.internal.JtaPlatformInitiator [restartedMain] HHH000490: Using JtaPlatform implementation: [org.hibernate.engine.transaction.jta.platform.internal.NoJtaPlatform]
2022-07-02 02:11:16,307 INFO org.springframework.orm.jpa.LocalContainerEntityManagerFactoryBean [restartedMain] Initialized JPA EntityManagerFactory for persistence unit 'default'
2022-07-02 02:11:16,549 WARN org.springframework.boot.autoconfigure.orm.jpa.JpaBaseConfiguration$JpaWebConfiguration [restartedMain] spring.jpa.open-in-view is enabled by default. Therefore, database queries may be performed during view rendering. Explicitly configure spring.jpa.open-in-view to disable this warning
2022-07-02 02:11:16,895 INFO org.springframework.boot.devtools.autoconfigure.OptionalLiveReloadServer [restartedMain] LiveReload server is running on port 35729
2022-07-02 02:11:16,972 INFO org.apache.coyote.http11.Http11NioProtocol [restartedMain] Starting ProtocolHandler ["http-nio-8081"]
2022-07-02 02:11:16,987 INFO org.springframework.boot.web.embedded.tomcat.TomcatWebServer [restartedMain] Tomcat started on port(s): 8081 (http) with context path ''
2022-07-02 02:11:17,082 INFO com.kups.employee.SpringbootBackendApplication [restartedMain] Started SpringbootBackendApplication in 2.061 seconds (JVM running for 144.502)
2022-07-02 02:11:17,119 INFO org.springframework.boot.devtools.autoconfigure.ConditionEvaluationDeltaLoggingListener [restartedMain] Condition evaluation unchanged
2022-07-02 02:14:59,774 INFO org.apache.catalina.core.ContainerBase.[Tomcat].[localhost].[/] [http-nio-8081-exec-1] Initializing Spring DispatcherServlet 'dispatcherServlet'
2022-07-02 02:14:59,777 INFO org.springframework.web.servlet.DispatcherServlet [http-nio-8081-exec-1] Initializing Servlet 'dispatcherServlet'
2022-07-02 02:14:59,790 INFO org.springframework.web.servlet.DispatcherServlet [http-nio-8081-exec-1] Completed initialization in 12 ms
2022-07-02 02:17:35,044 INFO org.springframework.orm.jpa.LocalContainerEntityManagerFactoryBean [Thread-7] Closing JPA EntityManagerFactory for persistence unit 'default'
2022-07-02 02:17:35,056 INFO com.zaxxer.hikari.HikariDataSource [Thread-7] HikariPool-2 - Shutdown initiated...
2022-07-02 02:17:35,102 INFO com.zaxxer.hikari.HikariDataSource [Thread-7] HikariPool-2 - Shutdown completed.
2022-07-02 02:17:35,756 INFO com.kups.employee.SpringbootBackendApplication [restartedMain] Starting SpringbootBackendApplication using Java 17.0.3 on Aniket with PID 8572 (C:\Users\Aniket World\git\repository\springboot-backend\target\classes started by Aniket World in C:\Users\Aniket World\git\repository\springboot-backend)
2022-07-02 02:17:35,757 INFO com.kups.employee.SpringbootBackendApplication [restartedMain] No active profile set, falling back to 1 default profile: "default"
2022-07-02 02:17:36,670 INFO org.springframework.data.repository.config.RepositoryConfigurationDelegate [restartedMain] Bootstrapping Spring Data JPA repositories in DEFAULT mode.
2022-07-02 02:17:36,694 INFO org.springframework.data.repository.config.RepositoryConfigurationDelegate [restartedMain] Finished Spring Data repository scanning in 22 ms. Found 1 JPA repository interfaces.
2022-07-02 02:17:37,068 INFO org.springframework.boot.web.embedded.tomcat.TomcatWebServer [restartedMain] Tomcat initialized with port(s): 8081 (http)
2022-07-02 02:17:37,071 INFO org.apache.coyote.http11.Http11NioProtocol [restartedMain] Initializing ProtocolHandler ["http-nio-8081"]
2022-07-02 02:17:37,071 INFO org.apache.catalina.core.StandardService [restartedMain] Starting service [Tomcat]
2022-07-02 02:17:37,072 INFO org.apache.catalina.core.StandardEngine [restartedMain] Starting Servlet engine: [Apache Tomcat/9.0.64]
2022-07-02 02:17:37,130 INFO org.apache.catalina.core.ContainerBase.[Tomcat].[localhost].[/] [restartedMain] Initializing Spring embedded WebApplicationContext
2022-07-02 02:17:37,132 INFO org.springframework.boot.web.servlet.context.ServletWebServerApplicationContext [restartedMain] Root WebApplicationContext: initialization completed in 1363 ms
2022-07-02 02:17:37,291 INFO org.hibernate.jpa.internal.util.LogHelper [restartedMain] HHH000204: Processing PersistenceUnitInfo [name: default]
2022-07-02 02:17:37,311 INFO com.zaxxer.hikari.HikariDataSource [restartedMain] HikariPool-3 - Starting...
2022-07-02 02:17:37,324 INFO com.zaxxer.hikari.HikariDataSource [restartedMain] HikariPool-3 - Start completed.
2022-07-02 02:17:37,325 INFO org.hibernate.dialect.Dialect [restartedMain] HHH000400: Using dialect: org.hibernate.dialect.MySQL5InnoDBDialect
2022-07-02 02:17:37,427 INFO org.hibernate.engine.transaction.jta.platform.internal.JtaPlatformInitiator [restartedMain] HHH000490: Using JtaPlatform implementation: [org.hibernate.engine.transaction.jta.platform.internal.NoJtaPlatform]
2022-07-02 02:17:37,428 INFO org.springframework.orm.jpa.LocalContainerEntityManagerFactoryBean [restartedMain] Initialized JPA EntityManagerFactory for persistence unit 'default'
2022-07-02 02:17:37,699 WARN org.springframework.boot.autoconfigure.orm.jpa.JpaBaseConfiguration$JpaWebConfiguration [restartedMain] spring.jpa.open-in-view is enabled by default. Therefore, database queries may be performed during view rendering. Explicitly configure spring.jpa.open-in-view to disable this warning
2022-07-02 02:17:38,074 INFO org.springframework.boot.devtools.autoconfigure.OptionalLiveReloadServer [restartedMain] LiveReload server is running on port 35729
2022-07-02 02:17:38,101 INFO org.apache.coyote.http11.Http11NioProtocol [restartedMain] Starting ProtocolHandler ["http-nio-8081"]
2022-07-02 02:17:38,130 INFO org.springframework.boot.web.embedded.tomcat.TomcatWebServer [restartedMain] Tomcat started on port(s): 8081 (http) with context path ''
2022-07-02 02:17:38,212 INFO com.kups.employee.SpringbootBackendApplication [restartedMain] Started SpringbootBackendApplication in 2.71 seconds (JVM running for 525.632)
2022-07-02 02:17:38,222 INFO org.springframework.boot.devtools.autoconfigure.ConditionEvaluationDeltaLoggingListener [restartedMain] Condition evaluation unchanged
2022-07-02 02:17:54,240 INFO org.springframework.boot.admin.SpringApplicationAdminMXBeanRegistrar$SpringApplicationAdmin [RMI TCP Connection(26)-127.0.0.1] Application shutdown requested.
2022-07-02 02:17:54,312 INFO org.springframework.orm.jpa.LocalContainerEntityManagerFactoryBean [RMI TCP Connection(26)-127.0.0.1] Closing JPA EntityManagerFactory for persistence unit 'default'
2022-07-02 02:17:54,318 INFO com.zaxxer.hikari.HikariDataSource [RMI TCP Connection(26)-127.0.0.1] HikariPool-3 - Shutdown initiated...
2022-07-02 02:17:54,339 INFO com.zaxxer.hikari.HikariDataSource [RMI TCP Connection(26)-127.0.0.1] HikariPool-3 - Shutdown completed.
2022-07-02 02:18:12,171 INFO com.kups.employee.SpringbootBackendApplication [restartedMain] Starting SpringbootBackendApplication using Java 17.0.3 on Aniket with PID 6892 (C:\Users\Aniket World\git\repository\springboot-backend\target\classes started by Aniket World in C:\Users\Aniket World\git\repository\springboot-backend)
2022-07-02 02:18:12,185 INFO com.kups.employee.SpringbootBackendApplication [restartedMain] No active profile set, falling back to 1 default profile: "default"
2022-07-02 02:18:12,439 INFO org.springframework.boot.devtools.env.DevToolsPropertyDefaultsPostProcessor [restartedMain] Devtools property defaults active! Set 'spring.devtools.add-properties' to 'false' to disable
2022-07-02 02:18:12,440 INFO org.springframework.boot.devtools.env.DevToolsPropertyDefaultsPostProcessor [restartedMain] For additional web related logging consider setting the 'logging.level.web' property to 'DEBUG'
2022-07-02 02:18:15,080 INFO org.springframework.data.repository.config.RepositoryConfigurationDelegate [restartedMain] Bootstrapping Spring Data JPA repositories in DEFAULT mode.
2022-07-02 02:18:15,308 INFO org.springframework.data.repository.config.RepositoryConfigurationDelegate [restartedMain] Finished Spring Data repository scanning in 182 ms. Found 1 JPA repository interfaces.
2022-07-02 02:18:17,814 INFO org.springframework.boot.web.embedded.tomcat.TomcatWebServer [restartedMain] Tomcat initialized with port(s): 8081 (http)
2022-07-02 02:18:17,854 INFO org.apache.coyote.http11.Http11NioProtocol [restartedMain] Initializing ProtocolHandler ["http-nio-8081"]
2022-07-02 02:18:17,858 INFO org.apache.catalina.core.StandardService [restartedMain] Starting service [Tomcat]
2022-07-02 02:18:17,860 INFO org.apache.catalina.core.StandardEngine [restartedMain] Starting Servlet engine: [Apache Tomcat/9.0.64]
2022-07-02 02:18:18,164 INFO org.apache.catalina.core.ContainerBase.[Tomcat].[localhost].[/] [restartedMain] Initializing Spring embedded WebApplicationContext
2022-07-02 02:18:18,165 INFO org.springframework.boot.web.servlet.context.ServletWebServerApplicationContext [restartedMain] Root WebApplicationContext: initialization completed in 5722 ms
2022-07-02 02:18:18,927 INFO org.hibernate.jpa.internal.util.LogHelper [restartedMain] HHH000204: Processing PersistenceUnitInfo [name: default]
2022-07-02 02:18:19,141 INFO org.hibernate.Version [restartedMain] HHH000412: Hibernate ORM core version 5.6.9.Final
2022-07-02 02:18:19,859 INFO org.hibernate.annotations.common.Version [restartedMain] HCANN000001: Hibernate Commons Annotations {5.1.2.Final}
2022-07-02 02:18:20,295 INFO com.zaxxer.hikari.HikariDataSource [restartedMain] HikariPool-1 - Starting...
2022-07-02 02:18:20,997 INFO com.zaxxer.hikari.HikariDataSource [restartedMain] HikariPool-1 - Start completed.
2022-07-02 02:18:21,060 INFO org.hibernate.dialect.Dialect [restartedMain] HHH000400: Using dialect: org.hibernate.dialect.MySQL5InnoDBDialect
2022-07-02 02:18:23,357 INFO org.hibernate.engine.transaction.jta.platform.internal.JtaPlatformInitiator [restartedMain] HHH000490: Using JtaPlatform implementation: [org.hibernate.engine.transaction.jta.platform.internal.NoJtaPlatform]
2022-07-02 02:18:23,392 INFO org.springframework.orm.jpa.LocalContainerEntityManagerFactoryBean [restartedMain] Initialized JPA EntityManagerFactory for persistence unit 'default'
2022-07-02 02:18:24,683 WARN org.springframework.boot.autoconfigure.orm.jpa.JpaBaseConfiguration$JpaWebConfiguration [restartedMain] spring.jpa.open-in-view is enabled by default. Therefore, database queries may be performed during view rendering. Explicitly configure spring.jpa.open-in-view to disable this warning
2022-07-02 02:18:26,244 INFO org.springframework.boot.devtools.autoconfigure.OptionalLiveReloadServer [restartedMain] LiveReload server is running on port 35729
2022-07-02 02:18:26,362 INFO org.apache.coyote.http11.Http11NioProtocol [restartedMain] Starting ProtocolHandler ["http-nio-8081"]
2022-07-02 02:18:26,470 INFO org.springframework.boot.web.embedded.tomcat.TomcatWebServer [restartedMain] Tomcat started on port(s): 8081 (http) with context path ''
2022-07-02 02:18:26,536 INFO com.kups.employee.SpringbootBackendApplication [restartedMain] Started SpringbootBackendApplication in 16.244 seconds (JVM running for 18.997)
2022-07-02 02:18:48,765 INFO org.apache.catalina.core.ContainerBase.[Tomcat].[localhost].[/] [http-nio-8081-exec-1] Initializing Spring DispatcherServlet 'dispatcherServlet'
2022-07-02 02:18:48,767 INFO org.springframework.web.servlet.DispatcherServlet [http-nio-8081-exec-1] Initializing Servlet 'dispatcherServlet'
2022-07-02 02:18:48,782 INFO org.springframework.web.servlet.DispatcherServlet [http-nio-8081-exec-1] Completed initialization in 14 ms
2022-07-02 02:21:10,603 INFO org.springframework.orm.jpa.LocalContainerEntityManagerFactoryBean [Thread-5] Closing JPA EntityManagerFactory for persistence unit 'default'
2022-07-02 02:21:10,682 INFO com.zaxxer.hikari.HikariDataSource [Thread-5] HikariPool-1 - Shutdown initiated...
2022-07-02 02:21:10,814 INFO com.zaxxer.hikari.HikariDataSource [Thread-5] HikariPool-1 - Shutdown completed.
2022-07-02 02:21:11,322 INFO com.kups.employee.SpringbootBackendApplication [restartedMain] Starting SpringbootBackendApplication using Java 17.0.3 on Aniket with PID 6892 (C:\Users\Aniket World\git\repository\springboot-backend\target\classes started by Aniket World in C:\Users\Aniket World\git\repository\springboot-backend)
2022-07-02 02:21:11,359 INFO com.kups.employee.SpringbootBackendApplication [restartedMain] No active profile set, falling back to 1 default profile: "default"
2022-07-02 02:21:11,969 INFO org.springframework.data.repository.config.RepositoryConfigurationDelegate [restartedMain] Bootstrapping Spring Data JPA repositories in DEFAULT mode.
2022-07-02 02:21:11,999 INFO org.springframework.data.repository.config.RepositoryConfigurationDelegate [restartedMain] Finished Spring Data repository scanning in 28 ms. Found 1 JPA repository interfaces.
2022-07-02 02:21:12,500 INFO org.springframework.boot.web.embedded.tomcat.TomcatWebServer [restartedMain] Tomcat initialized with port(s): 8081 (http)
2022-07-02 02:21:12,502 INFO org.apache.coyote.http11.Http11NioProtocol [restartedMain] Initializing ProtocolHandler ["http-nio-8081"]
2022-07-02 02:21:12,503 INFO org.apache.catalina.core.StandardService [restartedMain] Starting service [Tomcat]
2022-07-02 02:21:12,503 INFO org.apache.catalina.core.StandardEngine [restartedMain] Starting Servlet engine: [Apache Tomcat/9.0.64]
2022-07-02 02:21:12,571 INFO org.apache.catalina.core.ContainerBase.[Tomcat].[localhost].[/] [restartedMain] Initializing Spring embedded WebApplicationContext
2022-07-02 02:21:12,571 INFO org.springframework.boot.web.servlet.context.ServletWebServerApplicationContext [restartedMain] Root WebApplicationContext: initialization completed in 1187 ms
2022-07-02 02:21:12,782 INFO org.hibernate.jpa.internal.util.LogHelper [restartedMain] HHH000204: Processing PersistenceUnitInfo [name: default]
2022-07-02 02:21:12,804 INFO com.zaxxer.hikari.HikariDataSource [restartedMain] HikariPool-2 - Starting...
2022-07-02 02:21:12,822 INFO com.zaxxer.hikari.HikariDataSource [restartedMain] HikariPool-2 - Start completed.
2022-07-02 02:21:12,823 INFO org.hibernate.dialect.Dialect [restartedMain] HHH000400: Using dialect: org.hibernate.dialect.MySQL5InnoDBDialect
2022-07-02 02:21:12,973 INFO org.hibernate.engine.transaction.jta.platform.internal.JtaPlatformInitiator [restartedMain] HHH000490: Using JtaPlatform implementation: [org.hibernate.engine.transaction.jta.platform.internal.NoJtaPlatform]
2022-07-02 02:21:12,978 INFO org.springframework.orm.jpa.LocalContainerEntityManagerFactoryBean [restartedMain] Initialized JPA EntityManagerFactory for persistence unit 'default'
2022-07-02 02:21:13,359 WARN org.springframework.boot.autoconfigure.orm.jpa.JpaBaseConfiguration$JpaWebConfiguration [restartedMain] spring.jpa.open-in-view is enabled by default. Therefore, database queries may be performed during view rendering. Explicitly configure spring.jpa.open-in-view to disable this warning
2022-07-02 02:21:13,894 INFO org.springframework.boot.devtools.autoconfigure.OptionalLiveReloadServer [restartedMain] LiveReload server is running on port 35729
2022-07-02 02:21:13,943 INFO org.apache.coyote.http11.Http11NioProtocol [restartedMain] Starting ProtocolHandler ["http-nio-8081"]
2022-07-02 02:21:13,954 INFO org.springframework.boot.web.embedded.tomcat.TomcatWebServer [restartedMain] Tomcat started on port(s): 8081 (http) with context path ''
2022-07-02 02:21:14,020 INFO com.kups.employee.SpringbootBackendApplication [restartedMain] Started SpringbootBackendApplication in 2.908 seconds (JVM running for 186.481)
2022-07-02 02:21:14,038 INFO org.springframework.boot.devtools.autoconfigure.ConditionEvaluationDeltaLoggingListener [restartedMain] Condition evaluation unchanged
2022-07-02 02:21:35,735 INFO org.apache.catalina.core.ContainerBase.[Tomcat].[localhost].[/] [http-nio-8081-exec-2] Initializing Spring DispatcherServlet 'dispatcherServlet'
2022-07-02 02:21:35,736 INFO org.springframework.web.servlet.DispatcherServlet [http-nio-8081-exec-2] Initializing Servlet 'dispatcherServlet'
2022-07-02 02:21:35,743 INFO org.springframework.web.servlet.DispatcherServlet [http-nio-8081-exec-2] Completed initialization in 6 ms
2022-07-02 02:21:35,816 INFO com.kups.employee.controller.EmployeeController [http-nio-8081-exec-2] method entry into getAllEmployees()
2022-07-02 02:24:05,616 WARN org.springframework.web.servlet.mvc.support.DefaultHandlerExceptionResolver [http-nio-8081-exec-5] Resolved [org.springframework.web.bind.MissingServletRequestParameterException: Required request parameter 'lastName' for method parameter type String is not present]
2022-07-02 02:26:18,689 INFO org.springframework.orm.jpa.LocalContainerEntityManagerFactoryBean [Thread-7] Closing JPA EntityManagerFactory for persistence unit 'default'
2022-07-02 02:26:18,700 INFO com.zaxxer.hikari.HikariDataSource [Thread-7] HikariPool-2 - Shutdown initiated...
2022-07-02 02:26:18,723 INFO com.zaxxer.hikari.HikariDataSource [Thread-7] HikariPool-2 - Shutdown completed.
2022-07-02 02:26:19,089 INFO com.kups.employee.SpringbootBackendApplication [restartedMain] Starting SpringbootBackendApplication using Java 17.0.3 on Aniket with PID 6892 (C:\Users\Aniket World\git\repository\springboot-backend\target\classes started by Aniket World in C:\Users\Aniket World\git\repository\springboot-backend)
2022-07-02 02:26:19,098 INFO com.kups.employee.SpringbootBackendApplication [restartedMain] No active profile set, falling back to 1 default profile: "default"
2022-07-02 02:26:19,631 INFO org.springframework.data.repository.config.RepositoryConfigurationDelegate [restartedMain] Bootstrapping Spring Data JPA repositories in DEFAULT mode.
2022-07-02 02:26:19,652 INFO org.springframework.data.repository.config.RepositoryConfigurationDelegate [restartedMain] Finished Spring Data repository scanning in 20 ms. Found 1 JPA repository interfaces.
2022-07-02 02:26:20,023 INFO org.springframework.boot.web.embedded.tomcat.TomcatWebServer [restartedMain] Tomcat initialized with port(s): 8081 (http)
2022-07-02 02:26:20,028 INFO org.apache.coyote.http11.Http11NioProtocol [restartedMain] Initializing ProtocolHandler ["http-nio-8081"]
2022-07-02 02:26:20,030 INFO org.apache.catalina.core.StandardService [restartedMain] Starting service [Tomcat]
2022-07-02 02:26:20,033 INFO org.apache.catalina.core.StandardEngine [restartedMain] Starting Servlet engine: [Apache Tomcat/9.0.64]
2022-07-02 02:26:20,165 INFO org.apache.catalina.core.ContainerBase.[Tomcat].[localhost].[/] [restartedMain] Initializing Spring embedded WebApplicationContext
2022-07-02 02:26:20,170 INFO org.springframework.boot.web.servlet.context.ServletWebServerApplicationContext [restartedMain] Root WebApplicationContext: initialization completed in 1060 ms
2022-07-02 02:26:20,379 INFO org.hibernate.jpa.internal.util.LogHelper [restartedMain] HHH000204: Processing PersistenceUnitInfo [name: default]
2022-07-02 02:26:20,404 INFO com.zaxxer.hikari.HikariDataSource [restartedMain] HikariPool-3 - Starting...
2022-07-02 02:26:20,421 INFO com.zaxxer.hikari.HikariDataSource [restartedMain] HikariPool-3 - Start completed.
2022-07-02 02:26:20,422 INFO org.hibernate.dialect.Dialect [restartedMain] HHH000400: Using dialect: org.hibernate.dialect.MySQL5InnoDBDialect
2022-07-02 02:26:20,686 INFO org.hibernate.engine.transaction.jta.platform.internal.JtaPlatformInitiator [restartedMain] HHH000490: Using JtaPlatform implementation: [org.hibernate.engine.transaction.jta.platform.internal.NoJtaPlatform]
2022-07-02 02:26:20,687 INFO org.springframework.orm.jpa.LocalContainerEntityManagerFactoryBean [restartedMain] Initialized JPA EntityManagerFactory for persistence unit 'default'
2022-07-02 02:26:21,128 WARN org.springframework.boot.autoconfigure.orm.jpa.JpaBaseConfiguration$JpaWebConfiguration [restartedMain] spring.jpa.open-in-view is enabled by default. Therefore, database queries may be performed during view rendering. Explicitly configure spring.jpa.open-in-view to disable this warning
2022-07-02 02:26:21,693 INFO org.springframework.boot.devtools.autoconfigure.OptionalLiveReloadServer [restartedMain] LiveReload server is running on port 35729
2022-07-02 02:26:21,743 INFO org.apache.coyote.http11.Http11NioProtocol [restartedMain] Starting ProtocolHandler ["http-nio-8081"]
2022-07-02 02:26:21,761 INFO org.springframework.boot.web.embedded.tomcat.TomcatWebServer [restartedMain] Tomcat started on port(s): 8081 (http) with context path ''
2022-07-02 02:26:21,819 INFO com.kups.employee.SpringbootBackendApplication [restartedMain] Started SpringbootBackendApplication in 2.875 seconds (JVM running for 494.279)
2022-07-02 02:26:21,824 INFO org.springframework.boot.devtools.autoconfigure.ConditionEvaluationDeltaLoggingListener [restartedMain] Condition evaluation unchanged
2022-07-02 02:26:38,063 INFO org.apache.catalina.core.ContainerBase.[Tomcat].[localhost].[/] [http-nio-8081-exec-3] Initializing Spring DispatcherServlet 'dispatcherServlet'
2022-07-02 02:26:38,064 INFO org.springframework.web.servlet.DispatcherServlet [http-nio-8081-exec-3] Initializing Servlet 'dispatcherServlet'
2022-07-02 02:26:38,074 INFO org.springframework.web.servlet.DispatcherServlet [http-nio-8081-exec-3] Completed initialization in 9 ms
2022-07-02 02:26:38,097 INFO com.kups.employee.controller.EmployeeController [http-nio-8081-exec-3] method entry into getAllEmployees()
2022-07-02 02:27:46,519 INFO com.kups.employee.controller.EmployeeController [http-nio-8081-exec-4] method entry into getAllEmployees()
2022-07-02 02:32:12,185 INFO org.springframework.orm.jpa.LocalContainerEntityManagerFactoryBean [Thread-11] Closing JPA EntityManagerFactory for persistence unit 'default'
2022-07-02 02:32:12,205 INFO com.zaxxer.hikari.HikariDataSource [Thread-11] HikariPool-3 - Shutdown initiated...
2022-07-02 02:32:12,237 INFO com.zaxxer.hikari.HikariDataSource [Thread-11] HikariPool-3 - Shutdown completed.
2022-07-02 02:32:12,707 INFO com.kups.employee.SpringbootBackendApplication [restartedMain] Starting SpringbootBackendApplication using Java 17.0.3 on Aniket with PID 6892 (C:\Users\Aniket World\git\repository\springboot-backend\target\classes started by Aniket World in C:\Users\Aniket World\git\repository\springboot-backend)
2022-07-02 02:32:12,708 INFO com.kups.employee.SpringbootBackendApplication [restartedMain] No active profile set, falling back to 1 default profile: "default"
2022-07-02 02:32:13,471 INFO org.springframework.data.repository.config.RepositoryConfigurationDelegate [restartedMain] Bootstrapping Spring Data JPA repositories in DEFAULT mode.
2022-07-02 02:32:13,532 INFO org.springframework.data.repository.config.RepositoryConfigurationDelegate [restartedMain] Finished Spring Data repository scanning in 59 ms. Found 1 JPA repository interfaces.
2022-07-02 02:32:13,912 INFO org.springframework.boot.web.embedded.tomcat.TomcatWebServer [restartedMain] Tomcat initialized with port(s): 8081 (http)
2022-07-02 02:32:13,917 INFO org.apache.coyote.http11.Http11NioProtocol [restartedMain] Initializing ProtocolHandler ["http-nio-8081"]
2022-07-02 02:32:13,919 INFO org.apache.catalina.core.StandardService [restartedMain] Starting service [Tomcat]
2022-07-02 02:32:13,922 INFO org.apache.catalina.core.StandardEngine [restartedMain] Starting Servlet engine: [Apache Tomcat/9.0.64]
2022-07-02 02:32:13,995 INFO org.apache.catalina.core.ContainerBase.[Tomcat].[localhost].[/] [restartedMain] Initializing Spring embedded WebApplicationContext
2022-07-02 02:32:13,996 INFO org.springframework.boot.web.servlet.context.ServletWebServerApplicationContext [restartedMain] Root WebApplicationContext: initialization completed in 1271 ms
2022-07-02 02:32:14,176 INFO org.hibernate.jpa.internal.util.LogHelper [restartedMain] HHH000204: Processing PersistenceUnitInfo [name: default]
2022-07-02 02:32:14,198 INFO com.zaxxer.hikari.HikariDataSource [restartedMain] HikariPool-4 - Starting...
2022-07-02 02:32:14,211 INFO com.zaxxer.hikari.HikariDataSource [restartedMain] HikariPool-4 - Start completed.
2022-07-02 02:32:14,212 INFO org.hibernate.dialect.Dialect [restartedMain] HHH000400: Using dialect: org.hibernate.dialect.MySQL5InnoDBDialect
2022-07-02 02:32:14,316 INFO org.hibernate.engine.transaction.jta.platform.internal.JtaPlatformInitiator [restartedMain] HHH000490: Using JtaPlatform implementation: [org.hibernate.engine.transaction.jta.platform.internal.NoJtaPlatform]
2022-07-02 02:32:14,318 INFO org.springframework.orm.jpa.LocalContainerEntityManagerFactoryBean [restartedMain] Initialized JPA EntityManagerFactory for persistence unit 'default'
2022-07-02 02:32:14,593 WARN org.springframework.boot.autoconfigure.orm.jpa.JpaBaseConfiguration$JpaWebConfiguration [restartedMain] spring.jpa.open-in-view is enabled by default. Therefore, database queries may be performed during view rendering. Explicitly configure spring.jpa.open-in-view to disable this warning
2022-07-02 02:32:14,909 INFO org.springframework.boot.devtools.autoconfigure.OptionalLiveReloadServer [restartedMain] LiveReload server is running on port 35729
2022-07-02 02:32:14,943 INFO org.apache.coyote.http11.Http11NioProtocol [restartedMain] Starting ProtocolHandler ["http-nio-8081"]
2022-07-02 02:32:14,955 INFO org.springframework.boot.web.embedded.tomcat.TomcatWebServer [restartedMain] Tomcat started on port(s): 8081 (http) with context path ''
2022-07-02 02:32:14,986 INFO com.kups.employee.SpringbootBackendApplication [restartedMain] Started SpringbootBackendApplication in 2.496 seconds (JVM running for 847.446)
2022-07-02 02:32:14,993 INFO org.springframework.boot.devtools.autoconfigure.ConditionEvaluationDeltaLoggingListener [restartedMain] Condition evaluation unchanged
2022-07-02 02:49:55,024 INFO org.springframework.orm.jpa.LocalContainerEntityManagerFactoryBean [Thread-15] Closing JPA EntityManagerFactory for persistence unit 'default'
2022-07-02 02:49:55,033 INFO com.zaxxer.hikari.HikariDataSource [Thread-15] HikariPool-4 - Shutdown initiated...
2022-07-02 02:49:55,058 INFO com.zaxxer.hikari.HikariDataSource [Thread-15] HikariPool-4 - Shutdown completed.
2022-07-02 02:49:55,818 INFO com.kups.employee.SpringbootBackendApplication [restartedMain] Starting SpringbootBackendApplication using Java 17.0.3 on Aniket with PID 6892 (C:\Users\Aniket World\git\repository\springboot-backend\target\classes started by Aniket World in C:\Users\Aniket World\git\repository\springboot-backend)
2022-07-02 02:49:55,846 INFO com.kups.employee.SpringbootBackendApplication [restartedMain] No active profile set, falling back to 1 default profile: "default"
2022-07-02 02:49:58,311 INFO org.springframework.data.repository.config.RepositoryConfigurationDelegate [restartedMain] Bootstrapping Spring Data JPA repositories in DEFAULT mode.
2022-07-02 02:49:58,353 INFO org.springframework.data.repository.config.RepositoryConfigurationDelegate [restartedMain] Finished Spring Data repository scanning in 27 ms. Found 1 JPA repository interfaces.
2022-07-02 02:49:58,816 INFO org.springframework.boot.web.embedded.tomcat.TomcatWebServer [restartedMain] Tomcat initialized with port(s): 8081 (http)
2022-07-02 02:49:58,820 INFO org.apache.coyote.http11.Http11NioProtocol [restartedMain] Initializing ProtocolHandler ["http-nio-8081"]
2022-07-02 02:49:58,829 INFO org.apache.catalina.core.StandardService [restartedMain] Starting service [Tomcat]
2022-07-02 02:49:58,834 INFO org.apache.catalina.core.StandardEngine [restartedMain] Starting Servlet engine: [Apache Tomcat/9.0.64]
2022-07-02 02:49:58,907 INFO org.apache.catalina.core.ContainerBase.[Tomcat].[localhost].[/] [restartedMain] Initializing Spring embedded WebApplicationContext
2022-07-02 02:49:58,907 INFO org.springframework.boot.web.servlet.context.ServletWebServerApplicationContext [restartedMain] Root WebApplicationContext: initialization completed in 3021 ms
2022-07-02 02:49:59,135 INFO org.hibernate.jpa.internal.util.LogHelper [restartedMain] HHH000204: Processing PersistenceUnitInfo [name: default]
2022-07-02 02:49:59,196 INFO com.zaxxer.hikari.HikariDataSource [restartedMain] HikariPool-5 - Starting...
2022-07-02 02:49:59,248 INFO com.zaxxer.hikari.HikariDataSource [restartedMain] HikariPool-5 - Start completed.
2022-07-02 02:49:59,250 INFO org.hibernate.dialect.Dialect [restartedMain] HHH000400: Using dialect: org.hibernate.dialect.MySQL5InnoDBDialect
2022-07-02 02:49:59,411 INFO org.hibernate.engine.transaction.jta.platform.internal.JtaPlatformInitiator [restartedMain] HHH000490: Using JtaPlatform implementation: [org.hibernate.engine.transaction.jta.platform.internal.NoJtaPlatform]
2022-07-02 02:49:59,415 INFO org.springframework.orm.jpa.LocalContainerEntityManagerFactoryBean [restartedMain] Initialized JPA EntityManagerFactory for persistence unit 'default'
2022-07-02 02:49:59,876 WARN org.springframework.boot.autoconfigure.orm.jpa.JpaBaseConfiguration$JpaWebConfiguration [restartedMain] spring.jpa.open-in-view is enabled by default. Therefore, database queries may be performed during view rendering. Explicitly configure spring.jpa.open-in-view to disable this warning
2022-07-02 02:50:00,249 INFO org.springframework.boot.devtools.autoconfigure.OptionalLiveReloadServer [restartedMain] LiveReload server is running on port 35729
2022-07-02 02:50:00,269 INFO org.apache.coyote.http11.Http11NioProtocol [restartedMain] Starting ProtocolHandler ["http-nio-8081"]
2022-07-02 02:50:00,297 INFO org.springframework.boot.web.embedded.tomcat.TomcatWebServer [restartedMain] Tomcat started on port(s): 8081 (http) with context path ''
2022-07-02 02:50:00,319 INFO com.kups.employee.SpringbootBackendApplication [restartedMain] Started SpringbootBackendApplication in 4.939 seconds (JVM running for 1912.78)
2022-07-02 02:50:00,326 INFO org.springframework.boot.devtools.autoconfigure.ConditionEvaluationDeltaLoggingListener [restartedMain] Condition evaluation unchanged
2022-07-02 03:12:41,823 INFO org.springframework.orm.jpa.LocalContainerEntityManagerFactoryBean [Thread-19] Closing JPA EntityManagerFactory for persistence unit 'default'
2022-07-02 03:12:41,826 INFO com.zaxxer.hikari.HikariDataSource [Thread-19] HikariPool-5 - Shutdown initiated...
2022-07-02 03:12:41,842 INFO com.zaxxer.hikari.HikariDataSource [Thread-19] HikariPool-5 - Shutdown completed.
2022-07-02 03:12:42,322 INFO com.kups.employee.SpringbootBackendApplication [restartedMain] Starting SpringbootBackendApplication using Java 17.0.3 on Aniket with PID 6892 (C:\Users\Aniket World\git\repository\springboot-backend\target\classes started by Aniket World in C:\Users\Aniket World\git\repository\springboot-backend)
2022-07-02 03:12:42,323 INFO com.kups.employee.SpringbootBackendApplication [restartedMain] No active profile set, falling back to 1 default profile: "default"
2022-07-02 03:12:42,830 INFO org.springframework.data.repository.config.RepositoryConfigurationDelegate [restartedMain] Bootstrapping Spring Data JPA repositories in DEFAULT mode.
2022-07-02 03:12:42,853 INFO org.springframework.data.repository.config.RepositoryConfigurationDelegate [restartedMain] Finished Spring Data repository scanning in 22 ms. Found 1 JPA repository interfaces.
2022-07-02 03:12:43,301 INFO org.springframework.boot.web.embedded.tomcat.TomcatWebServer [restartedMain] Tomcat initialized with port(s): 8081 (http)
2022-07-02 03:12:43,303 INFO org.apache.coyote.http11.Http11NioProtocol [restartedMain] Initializing ProtocolHandler ["http-nio-8081"]
2022-07-02 03:12:43,304 INFO org.apache.catalina.core.StandardService [restartedMain] Starting service [Tomcat]
2022-07-02 03:12:43,305 INFO org.apache.catalina.core.StandardEngine [restartedMain] Starting Servlet engine: [Apache Tomcat/9.0.64]
2022-07-02 03:12:43,383 INFO org.apache.catalina.core.ContainerBase.[Tomcat].[localhost].[/] [restartedMain] Initializing Spring embedded WebApplicationContext
2022-07-02 03:12:43,384 INFO org.springframework.boot.web.servlet.context.ServletWebServerApplicationContext [restartedMain] Root WebApplicationContext: initialization completed in 1050 ms
2022-07-02 03:12:43,541 INFO org.hibernate.jpa.internal.util.LogHelper [restartedMain] HHH000204: Processing PersistenceUnitInfo [name: default]
2022-07-02 03:12:43,567 INFO com.zaxxer.hikari.HikariDataSource [restartedMain] HikariPool-6 - Starting...
2022-07-02 03:12:43,581 INFO com.zaxxer.hikari.HikariDataSource [restartedMain] HikariPool-6 - Start completed.
2022-07-02 03:12:43,582 INFO org.hibernate.dialect.Dialect [restartedMain] HHH000400: Using dialect: org.hibernate.dialect.MySQL5InnoDBDialect
2022-07-02 03:12:43,711 INFO org.hibernate.engine.transaction.jta.platform.internal.JtaPlatformInitiator [restartedMain] HHH000490: Using JtaPlatform implementation: [org.hibernate.engine.transaction.jta.platform.internal.NoJtaPlatform]
2022-07-02 03:12:43,713 INFO org.springframework.orm.jpa.LocalContainerEntityManagerFactoryBean [restartedMain] Initialized JPA EntityManagerFactory for persistence unit 'default'
2022-07-02 03:12:44,038 WARN org.springframework.boot.web.servlet.context.AnnotationConfigServletWebServerApplicationContext [restartedMain] Exception encountered during context initialization - cancelling refresh attempt: org.springframework.beans.factory.UnsatisfiedDependencyException: Error creating bean with name 'employeeController': Unsatisfied dependency expressed through field 'employeeService'; nested exception is org.springframework.beans.factory.NoSuchBeanDefinitionException: No qualifying bean of type 'com.kups.service.EmployeeService' available: expected at least 1 bean which qualifies as autowire candidate. Dependency annotations: {@org.springframework.beans.factory.annotation.Autowired(required=true)}
2022-07-02 03:12:44,039 INFO org.springframework.orm.jpa.LocalContainerEntityManagerFactoryBean [restartedMain] Closing JPA EntityManagerFactory for persistence unit 'default'
2022-07-02 03:12:44,040 INFO com.zaxxer.hikari.HikariDataSource [restartedMain] HikariPool-6 - Shutdown initiated...
2022-07-02 03:12:44,050 INFO com.zaxxer.hikari.HikariDataSource [restartedMain] HikariPool-6 - Shutdown completed.
2022-07-02 03:12:44,052 INFO org.apache.catalina.core.StandardService [restartedMain] Stopping service [Tomcat]
2022-07-02 03:12:44,081 INFO org.springframework.boot.autoconfigure.logging.ConditionEvaluationReportLoggingListener [restartedMain] 

Error starting ApplicationContext. To display the conditions report re-run your application with 'debug' enabled.
2022-07-02 03:12:44,199 ERROR org.springframework.boot.diagnostics.LoggingFailureAnalysisReporter [restartedMain] 

***************************
APPLICATION FAILED TO START
***************************

Description:

Field employeeService in com.kups.employee.controller.EmployeeController required a bean of type 'com.kups.service.EmployeeService' that could not be found.

The injection point has the following annotations:
	- @org.springframework.beans.factory.annotation.Autowired(required=true)


Action:

Consider defining a bean of type 'com.kups.service.EmployeeService' in your configuration.

2022-07-02 03:17:51,920 INFO com.kups.employee.SpringbootBackendApplication [restartedMain] Starting SpringbootBackendApplication using Java 17.0.3 on Aniket with PID 6892 (C:\Users\Aniket World\git\repository\springboot-backend\target\classes started by Aniket World in C:\Users\Aniket World\git\repository\springboot-backend)
2022-07-02 03:17:51,920 INFO com.kups.employee.SpringbootBackendApplication [restartedMain] No active profile set, falling back to 1 default profile: "default"
2022-07-02 03:17:53,046 INFO org.springframework.data.repository.config.RepositoryConfigurationDelegate [restartedMain] Bootstrapping Spring Data JPA repositories in DEFAULT mode.
2022-07-02 03:17:53,064 INFO org.springframework.data.repository.config.RepositoryConfigurationDelegate [restartedMain] Finished Spring Data repository scanning in 17 ms. Found 1 JPA repository interfaces.
2022-07-02 03:17:53,384 INFO org.springframework.boot.web.embedded.tomcat.TomcatWebServer [restartedMain] Tomcat initialized with port(s): 8081 (http)
2022-07-02 03:17:53,386 INFO org.apache.coyote.http11.Http11NioProtocol [restartedMain] Initializing ProtocolHandler ["http-nio-8081"]
2022-07-02 03:17:53,386 INFO org.apache.catalina.core.StandardService [restartedMain] Starting service [Tomcat]
2022-07-02 03:17:53,387 INFO org.apache.catalina.core.StandardEngine [restartedMain] Starting Servlet engine: [Apache Tomcat/9.0.64]
2022-07-02 03:17:53,427 INFO org.apache.catalina.core.ContainerBase.[Tomcat-1].[localhost].[/] [restartedMain] Initializing Spring embedded WebApplicationContext
2022-07-02 03:17:53,427 INFO org.springframework.boot.web.servlet.context.ServletWebServerApplicationContext [restartedMain] Root WebApplicationContext: initialization completed in 1494 ms
2022-07-02 03:17:53,535 INFO org.hibernate.jpa.internal.util.LogHelper [restartedMain] HHH000204: Processing PersistenceUnitInfo [name: default]
2022-07-02 03:17:53,552 INFO com.zaxxer.hikari.HikariDataSource [restartedMain] HikariPool-7 - Starting...
2022-07-02 03:17:53,561 INFO com.zaxxer.hikari.HikariDataSource [restartedMain] HikariPool-7 - Start completed.
2022-07-02 03:17:53,562 INFO org.hibernate.dialect.Dialect [restartedMain] HHH000400: Using dialect: org.hibernate.dialect.MySQL5InnoDBDialect
2022-07-02 03:17:53,629 INFO org.hibernate.engine.transaction.jta.platform.internal.JtaPlatformInitiator [restartedMain] HHH000490: Using JtaPlatform implementation: [org.hibernate.engine.transaction.jta.platform.internal.NoJtaPlatform]
2022-07-02 03:17:53,630 INFO org.springframework.orm.jpa.LocalContainerEntityManagerFactoryBean [restartedMain] Initialized JPA EntityManagerFactory for persistence unit 'default'
2022-07-02 03:17:53,648 WARN org.springframework.boot.web.servlet.context.AnnotationConfigServletWebServerApplicationContext [restartedMain] Exception encountered during context initialization - cancelling refresh attempt: org.springframework.beans.factory.BeanCreationException: Error creating bean with name 'employeeController' defined in file [C:\Users\Aniket World\git\repository\springboot-backend\target\classes\com\kups\employee\controller\EmployeeController.class]: Instantiation of bean failed; nested exception is org.springframework.beans.BeanInstantiationException: Failed to instantiate [com.kups.employee.controller.EmployeeController]: Constructor threw exception; nested exception is java.lang.Error: Unresolved compilation problems: 
	The import com.kups.service cannot be resolved
	EmployeeService cannot be resolved to a type
	EmployeeService cannot be resolved to a type

2022-07-02 03:17:53,648 INFO org.springframework.orm.jpa.LocalContainerEntityManagerFactoryBean [restartedMain] Closing JPA EntityManagerFactory for persistence unit 'default'
2022-07-02 03:17:53,649 INFO com.zaxxer.hikari.HikariDataSource [restartedMain] HikariPool-7 - Shutdown initiated...
2022-07-02 03:17:53,651 INFO com.zaxxer.hikari.HikariDataSource [restartedMain] HikariPool-7 - Shutdown completed.
2022-07-02 03:17:53,656 INFO org.apache.catalina.core.StandardService [restartedMain] Stopping service [Tomcat]
2022-07-02 03:17:53,689 INFO org.springframework.boot.autoconfigure.logging.ConditionEvaluationReportLoggingListener [restartedMain] 

Error starting ApplicationContext. To display the conditions report re-run your application with 'debug' enabled.
2022-07-02 03:17:53,709 ERROR org.springframework.boot.SpringApplication [restartedMain] Application run failed
org.springframework.beans.factory.BeanCreationException: Error creating bean with name 'employeeController' defined in file [C:\Users\Aniket World\git\repository\springboot-backend\target\classes\com\kups\employee\controller\EmployeeController.class]: Instantiation of bean failed; nested exception is org.springframework.beans.BeanInstantiationException: Failed to instantiate [com.kups.employee.controller.EmployeeController]: Constructor threw exception; nested exception is java.lang.Error: Unresolved compilation problems: 
	The import com.kups.service cannot be resolved
	EmployeeService cannot be resolved to a type
	EmployeeService cannot be resolved to a type

	at org.springframework.beans.factory.support.AbstractAutowireCapableBeanFactory.instantiateBean(AbstractAutowireCapableBeanFactory.java:1334)
	at org.springframework.beans.factory.support.AbstractAutowireCapableBeanFactory.createBeanInstance(AbstractAutowireCapableBeanFactory.java:1232)
	at org.springframework.beans.factory.support.AbstractAutowireCapableBeanFactory.doCreateBean(AbstractAutowireCapableBeanFactory.java:582)
	at org.springframework.beans.factory.support.AbstractAutowireCapableBeanFactory.createBean(AbstractAutowireCapableBeanFactory.java:542)
	at org.springframework.beans.factory.support.AbstractBeanFactory.lambda$doGetBean$0(AbstractBeanFactory.java:335)
	at org.springframework.beans.factory.support.DefaultSingletonBeanRegistry.getSingleton(DefaultSingletonBeanRegistry.java:234)
	at org.springframework.beans.factory.support.AbstractBeanFactory.doGetBean(AbstractBeanFactory.java:333)
	at org.springframework.beans.factory.support.AbstractBeanFactory.getBean(AbstractBeanFactory.java:208)
	at org.springframework.beans.factory.support.DefaultListableBeanFactory.preInstantiateSingletons(DefaultListableBeanFactory.java:955)
	at org.springframework.context.support.AbstractApplicationContext.finishBeanFactoryInitialization(AbstractApplicationContext.java:918)
	at org.springframework.context.support.AbstractApplicationContext.refresh(AbstractApplicationContext.java:583)
	at org.springframework.boot.web.servlet.context.ServletWebServerApplicationContext.refresh(ServletWebServerApplicationContext.java:147)
	at org.springframework.boot.SpringApplication.refresh(SpringApplication.java:734)
	at org.springframework.boot.SpringApplication.refreshContext(SpringApplication.java:408)
	at org.springframework.boot.SpringApplication.run(SpringApplication.java:308)
	at org.springframework.boot.SpringApplication.run(SpringApplication.java:1306)
	at org.springframework.boot.SpringApplication.run(SpringApplication.java:1295)
	at com.kups.employee.SpringbootBackendApplication.main(SpringbootBackendApplication.java:10)
	at java.base/jdk.internal.reflect.NativeMethodAccessorImpl.invoke0(Native Method)
	at java.base/jdk.internal.reflect.NativeMethodAccessorImpl.invoke(NativeMethodAccessorImpl.java:77)
	at java.base/jdk.internal.reflect.DelegatingMethodAccessorImpl.invoke(DelegatingMethodAccessorImpl.java:43)
	at java.base/java.lang.reflect.Method.invoke(Method.java:568)
	at org.springframework.boot.devtools.restart.RestartLauncher.run(RestartLauncher.java:49)
Caused by: org.springframework.beans.BeanInstantiationException: Failed to instantiate [com.kups.employee.controller.EmployeeController]: Constructor threw exception; nested exception is java.lang.Error: Unresolved compilation problems: 
	The import com.kups.service cannot be resolved
	EmployeeService cannot be resolved to a type
	EmployeeService cannot be resolved to a type

	at org.springframework.beans.BeanUtils.instantiateClass(BeanUtils.java:224)
	at org.springframework.beans.factory.support.SimpleInstantiationStrategy.instantiate(SimpleInstantiationStrategy.java:87)
	at org.springframework.beans.factory.support.AbstractAutowireCapableBeanFactory.instantiateBean(AbstractAutowireCapableBeanFactory.java:1326)
	... 22 common frames omitted
Caused by: java.lang.Error: Unresolved compilation problems: 
	The import com.kups.service cannot be resolved
	EmployeeService cannot be resolved to a type
	EmployeeService cannot be resolved to a type

	at com.kups.employee.controller.EmployeeController.<init>(EmployeeController.java:16)
	at java.base/jdk.internal.reflect.NativeConstructorAccessorImpl.newInstance0(Native Method)
	at java.base/jdk.internal.reflect.NativeConstructorAccessorImpl.newInstance(NativeConstructorAccessorImpl.java:77)
	at java.base/jdk.internal.reflect.DelegatingConstructorAccessorImpl.newInstance(DelegatingConstructorAccessorImpl.java:45)
	at java.base/java.lang.reflect.Constructor.newInstanceWithCaller(Constructor.java:499)
	at java.base/java.lang.reflect.Constructor.newInstance(Constructor.java:480)
	at org.springframework.beans.BeanUtils.instantiateClass(BeanUtils.java:211)
	... 24 common frames omitted
2022-07-02 03:23:09,347 INFO com.kups.employee.SpringbootBackendApplication [restartedMain] Starting SpringbootBackendApplication using Java 17.0.3 on Aniket with PID 6892 (C:\Users\Aniket World\git\repository\springboot-backend\target\classes started by Aniket World in C:\Users\Aniket World\git\repository\springboot-backend)
2022-07-02 03:23:09,349 INFO com.kups.employee.SpringbootBackendApplication [restartedMain] No active profile set, falling back to 1 default profile: "default"
2022-07-02 03:23:10,011 INFO org.springframework.data.repository.config.RepositoryConfigurationDelegate [restartedMain] Bootstrapping Spring Data JPA repositories in DEFAULT mode.
2022-07-02 03:23:10,038 INFO org.springframework.data.repository.config.RepositoryConfigurationDelegate [restartedMain] Finished Spring Data repository scanning in 25 ms. Found 1 JPA repository interfaces.
2022-07-02 03:23:10,377 INFO org.springframework.boot.web.embedded.tomcat.TomcatWebServer [restartedMain] Tomcat initialized with port(s): 8081 (http)
2022-07-02 03:23:10,381 INFO org.apache.coyote.http11.Http11NioProtocol [restartedMain] Initializing ProtocolHandler ["http-nio-8081"]
2022-07-02 03:23:10,383 INFO org.apache.catalina.core.StandardService [restartedMain] Starting service [Tomcat]
2022-07-02 03:23:10,385 INFO org.apache.catalina.core.StandardEngine [restartedMain] Starting Servlet engine: [Apache Tomcat/9.0.64]
2022-07-02 03:23:10,453 INFO org.apache.catalina.core.ContainerBase.[Tomcat-2].[localhost].[/] [restartedMain] Initializing Spring embedded WebApplicationContext
2022-07-02 03:23:10,453 INFO org.springframework.boot.web.servlet.context.ServletWebServerApplicationContext [restartedMain] Root WebApplicationContext: initialization completed in 1084 ms
2022-07-02 03:23:10,627 INFO org.hibernate.jpa.internal.util.LogHelper [restartedMain] HHH000204: Processing PersistenceUnitInfo [name: default]
2022-07-02 03:23:10,646 INFO com.zaxxer.hikari.HikariDataSource [restartedMain] HikariPool-8 - Starting...
2022-07-02 03:23:10,658 INFO com.zaxxer.hikari.HikariDataSource [restartedMain] HikariPool-8 - Start completed.
2022-07-02 03:23:10,659 INFO org.hibernate.dialect.Dialect [restartedMain] HHH000400: Using dialect: org.hibernate.dialect.MySQL5InnoDBDialect
2022-07-02 03:23:10,800 INFO org.hibernate.engine.transaction.jta.platform.internal.JtaPlatformInitiator [restartedMain] HHH000490: Using JtaPlatform implementation: [org.hibernate.engine.transaction.jta.platform.internal.NoJtaPlatform]
2022-07-02 03:23:10,802 INFO org.springframework.orm.jpa.LocalContainerEntityManagerFactoryBean [restartedMain] Initialized JPA EntityManagerFactory for persistence unit 'default'
2022-07-02 03:23:11,314 WARN org.springframework.boot.autoconfigure.orm.jpa.JpaBaseConfiguration$JpaWebConfiguration [restartedMain] spring.jpa.open-in-view is enabled by default. Therefore, database queries may be performed during view rendering. Explicitly configure spring.jpa.open-in-view to disable this warning
2022-07-02 03:23:11,778 INFO org.springframework.boot.devtools.autoconfigure.OptionalLiveReloadServer [restartedMain] LiveReload server is running on port 35729
2022-07-02 03:23:11,816 INFO org.apache.coyote.http11.Http11NioProtocol [restartedMain] Starting ProtocolHandler ["http-nio-8081"]
2022-07-02 03:23:11,827 INFO org.springframework.boot.web.embedded.tomcat.TomcatWebServer [restartedMain] Tomcat started on port(s): 8081 (http) with context path ''
2022-07-02 03:23:11,906 INFO com.kups.employee.SpringbootBackendApplication [restartedMain] Started SpringbootBackendApplication in 2.668 seconds (JVM running for 3904.367)
2022-07-02 03:23:11,920 INFO org.springframework.boot.devtools.autoconfigure.ConditionEvaluationDeltaLoggingListener [restartedMain] Condition evaluation unchanged
2022-07-02 03:23:36,280 INFO org.apache.catalina.core.ContainerBase.[Tomcat-2].[localhost].[/] [http-nio-8081-exec-5] Initializing Spring DispatcherServlet 'dispatcherServlet'
2022-07-02 03:23:36,281 INFO org.springframework.web.servlet.DispatcherServlet [http-nio-8081-exec-5] Initializing Servlet 'dispatcherServlet'
2022-07-02 03:23:36,285 INFO org.springframework.web.servlet.DispatcherServlet [http-nio-8081-exec-5] Completed initialization in 3 ms
2022-07-02 03:23:36,309 INFO com.kups.employee.controller.EmployeeController [http-nio-8081-exec-5] method entry into getAllEmployees()
